<?xml version="1.0" encoding="UTF-8"?>
<!-- Generated by org.testng.reporters.JUnitXMLReporter -->
<testsuite ignored="0" hostname="DESKTOP-3TPI68P" failures="0" tests="3" name="Test" time="14.615" errors="0" timestamp="2025-04-28T12:26:58 IST">
  <testcase classname="tests.LoginTest" name="testInvalidLogin" time="0.443"/>
  <testcase classname="tests.LoginTest" name="testValidHomePage" time="0.464"/>
  <testcase classname="tests.LoginTest" name="testValidLogin" time="0.395"/>
</testsuite> <!-- Test -->
