<?xml version="1.0" encoding="UTF-8"?>
<testng-results ignored="0" total="2" passed="2" failed="0" skipped="0">
  <reporter-output>
  </reporter-output>
  <suite started-at="2025-04-27T13:56:49 IST" name="Suite" finished-at="2025-04-27T13:57:00 IST" duration-ms="11076">
    <groups>
    </groups>
    <test started-at="2025-04-27T13:56:49 IST" name="Test" finished-at="2025-04-27T13:57:00 IST" duration-ms="11076">
      <class name="tests.LoginTest">
        <test-method is-config="true" signature="setup()[pri:0, instance:tests.LoginTest@54c5a2ff]" started-at="2025-04-27T13:56:49 IST" name="setup" finished-at="2025-04-27T13:56:56 IST" duration-ms="7218" status="PASS">
          <reporter-output>
          </reporter-output>
        </test-method> <!-- setup -->
        <test-method signature="testInvalidLogin()[pri:0, instance:tests.LoginTest@54c5a2ff]" started-at="2025-04-27T13:56:56 IST" name="testInvalidLogin" finished-at="2025-04-27T13:56:57 IST" duration-ms="468" status="PASS">
          <reporter-output>
          </reporter-output>
        </test-method> <!-- testInvalidLogin -->
        <test-method is-config="true" signature="tearDown()[pri:0, instance:tests.LoginTest@54c5a2ff]" started-at="2025-04-27T13:56:57 IST" name="tearDown" finished-at="2025-04-27T13:56:57 IST" duration-ms="251" status="PASS">
          <reporter-output>
          </reporter-output>
        </test-method> <!-- tearDown -->
        <test-method is-config="true" signature="setup()[pri:0, instance:tests.LoginTest@54c5a2ff]" started-at="2025-04-27T13:56:57 IST" name="setup" finished-at="2025-04-27T13:56:59 IST" duration-ms="2406" status="PASS">
          <reporter-output>
          </reporter-output>
        </test-method> <!-- setup -->
        <test-method signature="testValidLogin()[pri:0, instance:tests.LoginTest@54c5a2ff]" started-at="2025-04-27T13:56:59 IST" name="testValidLogin" finished-at="2025-04-27T13:57:00 IST" duration-ms="334" status="PASS">
          <reporter-output>
          </reporter-output>
        </test-method> <!-- testValidLogin -->
        <test-method is-config="true" signature="tearDown()[pri:0, instance:tests.LoginTest@54c5a2ff]" started-at="2025-04-27T13:57:00 IST" name="tearDown" finished-at="2025-04-27T13:57:00 IST" duration-ms="339" status="PASS">
          <reporter-output>
          </reporter-output>
        </test-method> <!-- tearDown -->
      </class> <!-- tests.LoginTest -->
    </test> <!-- Test -->
  </suite> <!-- Suite -->
</testng-results>
