<?xml version="1.0" encoding="UTF-8"?>
<testng-results ignored="0" total="3" passed="3" failed="0" skipped="0">
  <reporter-output>
  </reporter-output>
  <suite started-at="2025-04-28T12:26:43 IST" name="Suite" finished-at="2025-04-28T12:26:58 IST" duration-ms="14615">
    <groups>
    </groups>
    <test started-at="2025-04-28T12:26:43 IST" name="Test" finished-at="2025-04-28T12:26:58 IST" duration-ms="14615">
      <class name="tests.LoginTest">
        <test-method is-config="true" signature="setup(java.lang.reflect.Method)[pri:0, instance:tests.LoginTest@2a265ea9]" started-at="2025-04-28T12:26:43 IST" name="setup" finished-at="2025-04-28T12:26:52 IST" duration-ms="8148" status="PASS">
          <params>
            <param index="0">
              <value>
                <![CDATA[public void tests.LoginTest.testInvalidLogin()]]>
              </value>
            </param>
          </params>
          <reporter-output>
          </reporter-output>
        </test-method> <!-- setup -->
        <test-method signature="testInvalidLogin()[pri:0, instance:tests.LoginTest@2a265ea9]" started-at="2025-04-28T12:26:52 IST" name="testInvalidLogin" finished-at="2025-04-28T12:26:52 IST" duration-ms="443" status="PASS">
          <reporter-output>
          </reporter-output>
        </test-method> <!-- testInvalidLogin -->
        <test-method is-config="true" signature="tearDown(org.testng.ITestResult)[pri:0, instance:tests.LoginTest@2a265ea9]" started-at="2025-04-28T12:26:52 IST" name="tearDown" finished-at="2025-04-28T12:26:53 IST" duration-ms="837" status="PASS">
          <params>
            <param index="0">
              <value>
                <![CDATA[[TestResult name=testInvalidLogin status=SUCCESS method=LoginTest.testInvalidLogin()[pri:0, instance:tests.LoginTest@2a265ea9] output={null}]]]>
              </value>
            </param>
          </params>
          <reporter-output>
          </reporter-output>
        </test-method> <!-- tearDown -->
        <test-method is-config="true" signature="setup(java.lang.reflect.Method)[pri:0, instance:tests.LoginTest@2a265ea9]" started-at="2025-04-28T12:26:53 IST" name="setup" finished-at="2025-04-28T12:26:55 IST" duration-ms="1685" status="PASS">
          <params>
            <param index="0">
              <value>
                <![CDATA[public void tests.LoginTest.testValidHomePage()]]>
              </value>
            </param>
          </params>
          <reporter-output>
          </reporter-output>
        </test-method> <!-- setup -->
        <test-method signature="testValidHomePage()[pri:0, instance:tests.LoginTest@2a265ea9]" started-at="2025-04-28T12:26:55 IST" name="testValidHomePage" finished-at="2025-04-28T12:26:55 IST" duration-ms="464" status="PASS">
          <reporter-output>
          </reporter-output>
        </test-method> <!-- testValidHomePage -->
        <test-method is-config="true" signature="tearDown(org.testng.ITestResult)[pri:0, instance:tests.LoginTest@2a265ea9]" started-at="2025-04-28T12:26:55 IST" name="tearDown" finished-at="2025-04-28T12:26:56 IST" duration-ms="563" status="PASS">
          <params>
            <param index="0">
              <value>
                <![CDATA[[TestResult name=testValidHomePage status=SUCCESS method=LoginTest.testValidHomePage()[pri:0, instance:tests.LoginTest@2a265ea9] output={null}]]]>
              </value>
            </param>
          </params>
          <reporter-output>
          </reporter-output>
        </test-method> <!-- tearDown -->
        <test-method is-config="true" signature="setup(java.lang.reflect.Method)[pri:0, instance:tests.LoginTest@2a265ea9]" started-at="2025-04-28T12:26:56 IST" name="setup" finished-at="2025-04-28T12:26:57 IST" duration-ms="1779" status="PASS">
          <params>
            <param index="0">
              <value>
                <![CDATA[public void tests.LoginTest.testValidLogin()]]>
              </value>
            </param>
          </params>
          <reporter-output>
          </reporter-output>
        </test-method> <!-- setup -->
        <test-method signature="testValidLogin()[pri:0, instance:tests.LoginTest@2a265ea9]" started-at="2025-04-28T12:26:57 IST" name="testValidLogin" finished-at="2025-04-28T12:26:58 IST" duration-ms="395" status="PASS">
          <reporter-output>
          </reporter-output>
        </test-method> <!-- testValidLogin -->
        <test-method is-config="true" signature="tearDown(org.testng.ITestResult)[pri:0, instance:tests.LoginTest@2a265ea9]" started-at="2025-04-28T12:26:58 IST" name="tearDown" finished-at="2025-04-28T12:26:58 IST" duration-ms="239" status="PASS">
          <params>
            <param index="0">
              <value>
                <![CDATA[[TestResult name=testValidLogin status=SUCCESS method=LoginTest.testValidLogin()[pri:0, instance:tests.LoginTest@2a265ea9] output={null}]]]>
              </value>
            </param>
          </params>
          <reporter-output>
          </reporter-output>
        </test-method> <!-- tearDown -->
      </class> <!-- tests.LoginTest -->
    </test> <!-- Test -->
  </suite> <!-- Suite -->
</testng-results>
